<?xml version="1.0" encoding="UTF-8"?>
<testsuite xmlns:xsi="http://www.w3.org/2001/XMLSchema-instance" xsi:noNamespaceSchemaLocation="https://maven.apache.org/surefire/maven-surefire-plugin/xsd/surefire-test-report-3.0.xsd" version="3.0" name="UserTest.Testes" time="0.109" tests="2" errors="0" skipped="0" failures="0">
  <properties>
[...]
</properties>
  <testcase name="UsuarioTesteUm" classname="UserTest.Testes" time="0.048">
    <system-out><![CDATA[true]]></system-out>
  </testcase>
  <testcase name="UsuarioTesteDois" classname="UserTest.Testes" time="0.003">
    <system-out><![CDATA[false
]]></system-out>
  </testcase>
</testsuite>